<?xml version="1.0" encoding="UTF-8"?>
<!-- Generated by org.testng.reporters.JUnitReportReporter -->
<testsuite hostname="PANKAJ-DELL" name="com.qa.test.FnDempTestNG" tests="2" failures="0" timestamp="1 Jun 2021 16:34:00 GMT" time="0.007" errors="0">
  <testcase name="fnDisplayGoogle" time="0.002" classname="com.qa.test.FnDempTestNG"/>
  <testcase name="fnAbc" time="0.005" classname="com.qa.test.FnDempTestNG"/>
</testsuite> <!-- com.qa.test.FnDempTestNG -->
