<?xml version="1.0" encoding="UTF-8"?>
<!-- Generated by org.testng.reporters.JUnitReportReporter -->
<testsuite hostname="PANKAJ-DELL" name="com.qa.test.FnDemo" tests="1" failures="0" timestamp="31 May 2021 16:55:28 GMT" time="17.801" errors="0">
  <testcase name="fnGoogleTest" time="17.801" classname="com.qa.test.FnDemo"/>
</testsuite> <!-- com.qa.test.FnDemo -->
