<?xml version="1.0" encoding="UTF-8"?>
<!-- Generated by org.testng.reporters.JUnitReportReporter -->
<testsuite hostname="PANKAJ-DELL" name="com.qa.test.OrangeHRM" tests="1" failures="0" timestamp="15 Jun 2021 17:15:30 GMT" time="23.123" errors="0">
  <testcase name="fnOrangeHRM" time="23.123" classname="com.qa.test.OrangeHRM"/>
</testsuite> <!-- com.qa.test.OrangeHRM -->
