<?xml version="1.0" encoding="UTF-8"?>
<!-- Generated by org.testng.reporters.JUnitReportReporter -->
<testsuite hostname="PANKAJ-DELL" name="com.qa.test.fnRqeq2" tests="2" failures="0" timestamp="3 Jun 2021 16:43:18 GMT" time="45.939" errors="0">
  <testcase name="fnTest2" time="22.860" classname="com.qa.test.fnRqeq2"/>
  <testcase name="fnTest1" time="23.079" classname="com.qa.test.fnRqeq2"/>
</testsuite> <!-- com.qa.test.fnRqeq2 -->
