<?xml version="1.0" encoding="UTF-8"?>
<!-- Generated by org.testng.reporters.JUnitReportReporter -->
<testsuite hostname="PANKAJ-DELL" name="com.qa.test.fnRqeq1" tests="3" failures="0" timestamp="9 Jun 2021 15:59:35 GMT" time="102.690" errors="0">
  <testcase name="fnThirdTest" time="39.893" classname="com.qa.test.fnRqeq1"/>
  <testcase name="fnFirstTest" time="21.551" classname="com.qa.test.fnRqeq1"/>
  <testcase name="fnSecondTest" time="41.246" classname="com.qa.test.fnRqeq1"/>
</testsuite> <!-- com.qa.test.fnRqeq1 -->
