<?xml version="1.0" encoding="UTF-8"?>
<!-- Generated by org.testng.reporters.JUnitReportReporter -->
<testsuite hostname="PANKAJ-DELL" name="com.newqa.fnRqeq2" tests="2" failures="0" timestamp="9 Jun 2021 15:20:38 GMT" time="44.181" errors="0">
  <testcase name="fnTest1" time="22.179" classname="com.newqa.fnRqeq2"/>
  <testcase name="fnTest2" time="22.002" classname="com.newqa.fnRqeq2"/>
</testsuite> <!-- com.newqa.fnRqeq2 -->
